SF:lib/models/shortened_url.dart
DA:7,1
DA:14,1
DA:15,1
DA:16,1
DA:17,2
DA:18,2
DA:19,1
DA:23,1
DA:24,1
DA:25,1
DA:26,1
DA:27,1
DA:28,2
DA:32,1
DA:33,1
DA:34,1
DA:35,1
DA:36,1
DA:37,2
DA:41,1
DA:43,5
LF:21
LH:21
end_of_record
SF:lib/main.dart
DA:6,0
DA:7,0
DA:11,7
DA:13,2
DA:15,2
DA:16,4
DA:17,2
DA:19,2
DA:20,2
DA:29,2
DA:31,2
DA:32,2
DA:35,2
DA:36,2
DA:38,2
DA:39,2
LF:16
LH:14
end_of_record
SF:lib/providers/url_shortener_provider.dart
DA:14,4
DA:15,6
DA:16,6
DA:18,3
DA:19,3
DA:22,3
DA:24,6
DA:25,0
DA:27,2
DA:28,1
DA:32,0
DA:33,0
DA:34,0
DA:35,0
DA:40,0
DA:42,0
DA:43,0
DA:47,0
DA:48,0
DA:49,0
DA:52,0
DA:53,0
DA:54,0
DA:56,0
DA:58,0
DA:59,0
DA:63,2
DA:64,2
DA:65,2
DA:68,0
DA:70,0
DA:73,0
DA:74,0
DA:78,0
DA:80,0
LF:35
LH:12
end_of_record
SF:lib/pages/home_page.dart
DA:6,5
DA:8,2
DA:10,2
DA:11,2
DA:16,4
DA:20,2
DA:21,2
DA:24,2
DA:25,2
DA:27,2
DA:28,2
DA:30,2
DA:31,2
DA:34,2
DA:36,2
DA:39,2
LF:16
LH:16
end_of_record
SF:lib/widgets/url_input_widget.dart
DA:6,6
DA:8,3
DA:9,3
DA:16,3
DA:18,6
DA:19,6
DA:20,3
DA:23,3
DA:25,3
DA:26,3
DA:27,3
DA:29,3
DA:30,3
DA:31,3
DA:32,3
DA:33,3
DA:34,3
DA:37,3
DA:38,3
DA:40,3
DA:42,2
DA:43,4
DA:44,2
DA:50,0
DA:53,3
DA:56,3
DA:57,3
DA:58,3
DA:59,6
DA:61,3
DA:62,3
DA:65,3
DA:80,3
DA:82,0
DA:85,0
DA:86,0
DA:87,0
DA:88,0
DA:90,0
DA:91,0
DA:92,0
DA:94,0
DA:95,0
DA:96,0
DA:97,0
DA:100,0
DA:101,0
DA:102,0
DA:117,0
DA:118,0
DA:119,0
DA:120,0
DA:121,0
DA:122,0
LF:54
LH:32
end_of_record
SF:lib/widgets/url_list_widget.dart
DA:8,5
DA:10,2
DA:12,2
DA:13,2
DA:14,4
DA:45,0
DA:47,0
DA:48,0
DA:49,0
DA:50,0
DA:61,0
DA:63,0
DA:65,0
DA:68,0
DA:69,0
DA:71,0
DA:73,0
DA:75,0
DA:76,0
DA:77,0
DA:80,0
DA:81,0
DA:82,0
DA:89,0
DA:91,0
DA:97,0
DA:99,0
DA:101,0
DA:106,0
DA:107,0
DA:113,0
DA:115,0
DA:117,0
DA:122,0
DA:123,0
DA:124,0
DA:125,0
DA:126,0
DA:135,0
DA:137,0
DA:143,0
DA:144,0
DA:145,0
DA:147,0
DA:156,0
DA:157,0
DA:158,0
DA:166,0
DA:167,0
DA:170,0
DA:171,0
DA:172,0
DA:174,0
DA:175,0
DA:176,0
DA:177,0
DA:178,0
DA:179,0
LF:58
LH:5
end_of_record
SF:lib/services/url_shortener_service.dart
DA:8,0
DA:10,0
DA:11,0
DA:12,0
DA:15,0
DA:18,0
DA:19,0
DA:20,0
DA:22,0
DA:25,0
DA:29,0
DA:31,0
DA:32,0
DA:35,0
DA:36,0
DA:37,0
DA:38,0
DA:39,0
DA:41,0
DA:44,0
LF:20
LH:0
end_of_record
SF:lib/services/storage_service.dart
DA:8,0
DA:9,0
DA:10,0
DA:11,0
DA:14,3
DA:15,3
DA:16,0
DA:18,0
DA:21,0
DA:23,0
DA:24,0
DA:26,0
DA:30,0
DA:31,0
DA:32,0
DA:33,0
LF:16
LH:2
end_of_record
